<?xml version="1.0" encoding="UTF-8"?>
<testng-results skipped="0" failed="0" total="1" passed="1">
  <reporter-output>
  </reporter-output>
  <suite name="Suite" duration-ms="150513" started-at="2020-07-12T13:43:53Z" finished-at="2020-07-12T13:46:24Z">
    <groups>
      <group name="cucumber">
        <method signature="AbstractTestNGCucumberTests.runScenario(cucumber.api.testng.PickleEventWrapper, cucumber.api.testng.CucumberFeatureWrapper)[pri:0, instance:com.runner.Testrunner@3bfdc050]" name="runScenario" class="cucumber.api.testng.AbstractTestNGCucumberTests"/>
      </group> <!-- cucumber -->
    </groups>
    <test name="Test" duration-ms="150513" started-at="2020-07-12T13:43:53Z" finished-at="2020-07-12T13:46:24Z">
      <class name="com.runner.Testrunner">
        <test-method status="PASS" signature="setUpClass()[pri:0, instance:com.runner.Testrunner@3bfdc050]" name="setUpClass" is-config="true" duration-ms="208" started-at="2020-07-12T19:13:53Z" finished-at="2020-07-12T19:13:54Z">
          <reporter-output>
          </reporter-output>
        </test-method> <!-- setUpClass -->
        <test-method status="PASS" signature="runScenario(cucumber.api.testng.PickleEventWrapper, cucumber.api.testng.CucumberFeatureWrapper)[pri:0, instance:com.runner.Testrunner@3bfdc050]" name="runScenario" duration-ms="150028" started-at="2020-07-12T19:13:54Z" description="Runs Cucumber Scenarios" data-provider="scenarios" finished-at="2020-07-12T19:16:24Z">
          <params>
            <param index="0">
              <value>
                <![CDATA["verifying user details with valid credentials"]]>
              </value>
            </param>
            <param index="1">
              <value>
                <![CDATA["verifying adactin hotel user details"]]>
              </value>
            </param>
          </params>
          <reporter-output>
          </reporter-output>
        </test-method> <!-- runScenario -->
        <test-method status="PASS" signature="tearDownClass()[pri:0, instance:com.runner.Testrunner@3bfdc050]" name="tearDownClass" is-config="true" duration-ms="190" started-at="2020-07-12T19:16:24Z" finished-at="2020-07-12T19:16:24Z">
          <reporter-output>
          </reporter-output>
        </test-method> <!-- tearDownClass -->
      </class> <!-- com.runner.Testrunner -->
    </test> <!-- Test -->
  </suite> <!-- Suite -->
</testng-results>
